Flow report for arinc_708
Fri May 02 14:01:47 2014
Quartus II Version 7.1 Build 156 04/30/2007 SJ Full Version


---------------------
; Table of Contents ;
---------------------
  1. Legal Notice
  2. Flow Summary
  3. Flow Settings
  4. Flow Non-Default Global Settings
  5. Flow Elapsed Time
  6. Flow Log



----------------
; Legal Notice ;
----------------
Copyright (C) 1991-2007 Altera Corporation
Your use of Altera Corporation's design tools, logic functions 
and other software and tools, and its AMPP partner logic 
functions, and any output files from any of the foregoing 
(including device programming or simulation files), and any 
associated documentation or information are expressly subject 
to the terms and conditions of the Altera Program License 
Subscription Agreement, Altera MegaCore Function License 
Agreement, or other applicable license agreement, including, 
without limitation, that your use is for the sole purpose of 
programming logic devices manufactured by Altera and sold by 
Altera or its authorized distributors.  Please refer to the 
applicable agreement for further details.



+-------------------------------------------------------------------------------+
; Flow Summary                                                                  ;
+------------------------------------+------------------------------------------+
; Flow Status                        ; Successful - Fri May 02 14:01:46 2014    ;
; Quartus II Version                 ; 7.1 Build 156 04/30/2007 SJ Full Version ;
; Revision Name                      ; arinc_708                                ;
; Top-level Entity Name              ; arinc_708                                ;
; Family                             ; Cyclone III                              ;
; Device                             ; EP3C25F324C7                             ;
; Timing Models                      ; Preliminary                              ;
; Met timing requirements            ; No                                       ;
; Total logic elements               ; 4,875 / 24,624 ( 20 % )                  ;
;     Total combinational functions  ; 4,001 / 24,624 ( 16 % )                  ;
;     Dedicated logic registers      ; 4,154 / 24,624 ( 17 % )                  ;
; Total registers                    ; 4154                                     ;
; Total pins                         ; 20 / 216 ( 9 % )                         ;
; Total virtual pins                 ; 209                                      ;
; Total memory bits                  ; 32,768 / 608,256 ( 5 % )                 ;
; Embedded Multiplier 9-bit elements ; 0 / 132 ( 0 % )                          ;
; Total PLLs                         ; 0 / 4 ( 0 % )                            ;
+------------------------------------+------------------------------------------+


+-----------------------------------------+
; Flow Settings                           ;
+-------------------+---------------------+
; Option            ; Setting             ;
+-------------------+---------------------+
; Start date & time ; 05/02/2014 13:59:50 ;
; Main task         ; Compilation         ;
; Revision Name     ; arinc_708           ;
+-------------------+---------------------+


+-----------------------------------------------------------------------------------+
; Flow Non-Default Global Settings                                                  ;
+-------------------------------+--------+---------------+-------------+------------+
; Assignment Name               ; Value  ; Default Value ; Entity Name ; Section Id ;
+-------------------------------+--------+---------------+-------------+------------+
; PARTITION_NETLIST_TYPE        ; SOURCE ; --            ; --          ; Top        ;
; USE_TIMEQUEST_TIMING_ANALYZER ; Off    ; --            ; --          ; --         ;
+-------------------------------+--------+---------------+-------------+------------+


+----------------------------------------+
; Flow Elapsed Time                      ;
+-------------------------+--------------+
; Module Name             ; Elapsed Time ;
+-------------------------+--------------+
; Analysis & Synthesis    ; 00:00:28     ;
; Fitter                  ; 00:01:08     ;
; Assembler               ; 00:00:06     ;
; Classic Timing Analyzer ; 00:00:02     ;
; Total                   ; 00:01:44     ;
+-------------------------+--------------+


------------
; Flow Log ;
------------
quartus_map --read_settings_files=on --write_settings_files=off arinc_708 -c arinc_708
quartus_fit --read_settings_files=off --write_settings_files=off arinc_708 -c arinc_708
quartus_asm --read_settings_files=off --write_settings_files=off arinc_708 -c arinc_708
quartus_tan --read_settings_files=off --write_settings_files=off arinc_708 -c arinc_708 --timing_analysis_only



