EDA Netlist Writer report for pcie_top_v2
Thu Aug 11 15:56:50 2016
Quartus II 64-Bit Version 14.0.0 Build 200 06/17/2014 SJ Web Edition


---------------------
; Table of Contents ;
---------------------
  1. Legal Notice
  2. EDA Netlist Writer Summary
  3. Simulation Settings
  4. Simulation Generated Files
  5. EDA Netlist Writer Messages



----------------
; Legal Notice ;
----------------
Copyright (C) 1991-2014 Altera Corporation. All rights reserved.
Your use of Altera Corporation's design tools, logic functions 
and other software and tools, and its AMPP partner logic 
functions, and any output files from any of the foregoing 
(including device programming or simulation files), and any 
associated documentation or information are expressly subject 
to the terms and conditions of the Altera Program License 
Subscription Agreement, the Altera Quartus II License Agreement,
the Altera MegaCore Function License Agreement, or other 
applicable license agreement, including, without limitation, 
that your use is for the sole purpose of programming logic 
devices manufactured by Altera and sold by Altera or its 
authorized distributors.  Please refer to the applicable 
agreement for further details.



+-------------------------------------------------------------------+
; EDA Netlist Writer Summary                                        ;
+---------------------------+---------------------------------------+
; EDA Netlist Writer Status ; Successful - Thu Aug 11 15:56:50 2016 ;
; Revision Name             ; pcie_top_v2                           ;
; Top-level Entity Name     ; pcie_top                              ;
; Family                    ; Cyclone IV GX                         ;
; Simulation Files Creation ; Successful                            ;
+---------------------------+---------------------------------------+


+----------------------------------------------------------------------------------------------------------------------------+
; Simulation Settings                                                                                                        ;
+---------------------------------------------------------------------------------------------------+------------------------+
; Option                                                                                            ; Setting                ;
+---------------------------------------------------------------------------------------------------+------------------------+
; Tool Name                                                                                         ; ModelSim-Altera (VHDL) ;
; Generate netlist for functional simulation only                                                   ; Off                    ;
; Time scale                                                                                        ; 1 ps                   ;
; Truncate long hierarchy paths                                                                     ; Off                    ;
; Map illegal HDL characters                                                                        ; Off                    ;
; Flatten buses into individual nodes                                                               ; Off                    ;
; Maintain hierarchy                                                                                ; Off                    ;
; Bring out device-wide set/reset signals as ports                                                  ; Off                    ;
; Enable glitch filtering                                                                           ; Off                    ;
; Do not write top level VHDL entity                                                                ; Off                    ;
; Disable detection of setup and hold time violations in the input registers of bi-directional pins ; Off                    ;
; Architecture name in VHDL output netlist                                                          ; structure              ;
; Generate third-party EDA tool command script for RTL functional simulation                        ; Off                    ;
; Generate third-party EDA tool command script for gate-level simulation                            ; Off                    ;
+---------------------------------------------------------------------------------------------------+------------------------+


+-----------------------------------------------------------------------------------+
; Simulation Generated Files                                                        ;
+-----------------------------------------------------------------------------------+
; Generated Files                                                                   ;
+-----------------------------------------------------------------------------------+
; D:/_data/mavim3_fpga/simulation/modelsim/pcie_top_v2_7_1200mv_100c_slow.vho       ;
; D:/_data/mavim3_fpga/simulation/modelsim/pcie_top_v2_7_1200mv_-40c_slow.vho       ;
; D:/_data/mavim3_fpga/simulation/modelsim/pcie_top_v2_min_1200mv_-40c_fast.vho     ;
; D:/_data/mavim3_fpga/simulation/modelsim/pcie_top_v2.vho                          ;
; D:/_data/mavim3_fpga/simulation/modelsim/pcie_top_v2_7_1200mv_100c_vhd_slow.sdo   ;
; D:/_data/mavim3_fpga/simulation/modelsim/pcie_top_v2_7_1200mv_-40c_vhd_slow.sdo   ;
; D:/_data/mavim3_fpga/simulation/modelsim/pcie_top_v2_min_1200mv_-40c_vhd_fast.sdo ;
; D:/_data/mavim3_fpga/simulation/modelsim/pcie_top_v2_vhd.sdo                      ;
+-----------------------------------------------------------------------------------+


+-----------------------------+
; EDA Netlist Writer Messages ;
+-----------------------------+
Info: *******************************************************************
Info: Running Quartus II 64-Bit EDA Netlist Writer
    Info: Version 14.0.0 Build 200 06/17/2014 SJ Web Edition
    Info: Processing started: Thu Aug 11 15:56:13 2016
Info: Command: quartus_eda --read_settings_files=off --write_settings_files=off pcie_top -c pcie_top_v2
Info (204019): Generated file pcie_top_v2_7_1200mv_100c_slow.vho in folder "D:/_data/mavim3_fpga/simulation/modelsim/" for EDA simulation tool
Info (204019): Generated file pcie_top_v2_7_1200mv_-40c_slow.vho in folder "D:/_data/mavim3_fpga/simulation/modelsim/" for EDA simulation tool
Info (204019): Generated file pcie_top_v2_min_1200mv_-40c_fast.vho in folder "D:/_data/mavim3_fpga/simulation/modelsim/" for EDA simulation tool
Info (204019): Generated file pcie_top_v2.vho in folder "D:/_data/mavim3_fpga/simulation/modelsim/" for EDA simulation tool
Info (204019): Generated file pcie_top_v2_7_1200mv_100c_vhd_slow.sdo in folder "D:/_data/mavim3_fpga/simulation/modelsim/" for EDA simulation tool
Info (204019): Generated file pcie_top_v2_7_1200mv_-40c_vhd_slow.sdo in folder "D:/_data/mavim3_fpga/simulation/modelsim/" for EDA simulation tool
Info (204019): Generated file pcie_top_v2_min_1200mv_-40c_vhd_fast.sdo in folder "D:/_data/mavim3_fpga/simulation/modelsim/" for EDA simulation tool
Info (204019): Generated file pcie_top_v2_vhd.sdo in folder "D:/_data/mavim3_fpga/simulation/modelsim/" for EDA simulation tool
Info: Quartus II 64-Bit EDA Netlist Writer was successful. 0 errors, 0 warnings
    Info: Peak virtual memory: 613 megabytes
    Info: Processing ended: Thu Aug 11 15:56:50 2016
    Info: Elapsed time: 00:00:37
    Info: Total CPU time (on all processors): 00:00:33


