Assembler report for arinc_429_rx
Sun Feb 16 20:37:29 2014
Quartus II Version 7.1 Build 156 04/30/2007 SJ Full Version


---------------------
; Table of Contents ;
---------------------
  1. Legal Notice
  2. Assembler Summary
  3. Assembler Settings
  4. Assembler Generated Files
  5. Assembler Device Options: D:/_WORK_/SKIT/REPOS/mavim3_fpga/INCLUDE/ARINC_429_RX/arinc_429_rx.sof
  6. Assembler Device Options: D:/_WORK_/SKIT/REPOS/mavim3_fpga/INCLUDE/ARINC_429_RX/arinc_429_rx.pof
  7. Assembler Messages



----------------
; Legal Notice ;
----------------
Copyright (C) 1991-2007 Altera Corporation
Your use of Altera Corporation's design tools, logic functions 
and other software and tools, and its AMPP partner logic 
functions, and any output files from any of the foregoing 
(including device programming or simulation files), and any 
associated documentation or information are expressly subject 
to the terms and conditions of the Altera Program License 
Subscription Agreement, Altera MegaCore Function License 
Agreement, or other applicable license agreement, including, 
without limitation, that your use is for the sole purpose of 
programming logic devices manufactured by Altera and sold by 
Altera or its authorized distributors.  Please refer to the 
applicable agreement for further details.



+---------------------------------------------------------------+
; Assembler Summary                                             ;
+-----------------------+---------------------------------------+
; Assembler Status      ; Successful - Sun Feb 16 20:37:29 2014 ;
; Revision Name         ; arinc_429_rx                          ;
; Top-level Entity Name ; arinc_429_rx                          ;
; Family                ; Cyclone III                           ;
; Device                ; EP3C25F324C8                          ;
+-----------------------+---------------------------------------+


+--------------------------------------------------------------------------------------------------------+
; Assembler Settings                                                                                     ;
+-----------------------------------------------------------------------------+----------+---------------+
; Option                                                                      ; Setting  ; Default Value ;
+-----------------------------------------------------------------------------+----------+---------------+
; Generate compressed bitstreams                                              ; On       ; On            ;
; Compression mode                                                            ; Off      ; Off           ;
; Clock source for configuration device                                       ; Internal ; Internal      ;
; Clock frequency of the configuration device                                 ; 10 MHZ   ; 10 MHz        ;
; Divide clock frequency by                                                   ; 1        ; 1             ;
; JTAG user code for target device                                            ; Ffffffff ; Ffffffff      ;
; Auto user code                                                              ; Off      ; Off           ;
; Configuration device                                                        ; Auto     ; Auto          ;
; JTAG user code for configuration device                                     ; Ffffffff ; Ffffffff      ;
; Configuration device auto user code                                         ; Off      ; Off           ;
; Generate Tabular Text File (.ttf) For Target Device                         ; Off      ; Off           ;
; Generate Raw Binary File (.rbf) For Target Device                           ; Off      ; Off           ;
; Generate Hexadecimal (Intel-Format) Output File (.hexout) for Target Device ; Off      ; Off           ;
; Hexadecimal Output File start address                                       ; 0        ; 0             ;
; Hexadecimal Output File count direction                                     ; Up       ; Up            ;
; Release clears before tri-states                                            ; Off      ; Off           ;
; Auto-restart configuration after error                                      ; On       ; On            ;
; Enable OCT_DONE                                                             ; Off      ; Off           ;
; Use smart compilation                                                       ; Off      ; Off           ;
+-----------------------------------------------------------------------------+----------+---------------+


+------------------------------------------------------------------------+
; Assembler Generated Files                                              ;
+------------------------------------------------------------------------+
; File Name                                                              ;
+------------------------------------------------------------------------+
; D:/_WORK_/SKIT/REPOS/mavim3_fpga/INCLUDE/ARINC_429_RX/arinc_429_rx.sof ;
; D:/_WORK_/SKIT/REPOS/mavim3_fpga/INCLUDE/ARINC_429_RX/arinc_429_rx.pof ;
+------------------------------------------------------------------------+


+--------------------------------------------------------------------------------------------------+
; Assembler Device Options: D:/_WORK_/SKIT/REPOS/mavim3_fpga/INCLUDE/ARINC_429_RX/arinc_429_rx.sof ;
+----------------+---------------------------------------------------------------------------------+
; Option         ; Setting                                                                         ;
+----------------+---------------------------------------------------------------------------------+
; Device         ; EP3C25F324C8                                                                    ;
; JTAG usercode  ; 0xFFFFFFFF                                                                      ;
; Checksum       ; 0x0012F74B                                                                      ;
+----------------+---------------------------------------------------------------------------------+


+--------------------------------------------------------------------------------------------------+
; Assembler Device Options: D:/_WORK_/SKIT/REPOS/mavim3_fpga/INCLUDE/ARINC_429_RX/arinc_429_rx.pof ;
+--------------------+-----------------------------------------------------------------------------+
; Option             ; Setting                                                                     ;
+--------------------+-----------------------------------------------------------------------------+
; Device             ; EPCS16                                                                      ;
; JTAG usercode      ; 0x00000000                                                                  ;
; Checksum           ; 0x1CF1FDA3                                                                  ;
; Compression Ratio  ; 3                                                                           ;
+--------------------+-----------------------------------------------------------------------------+


+--------------------+
; Assembler Messages ;
+--------------------+
Info: *******************************************************************
Info: Running Quartus II Assembler
    Info: Version 7.1 Build 156 04/30/2007 SJ Full Version
    Info: Processing started: Sun Feb 16 20:37:24 2014
Info: Command: quartus_asm --read_settings_files=off --write_settings_files=off arinc_429_rx -c arinc_429_rx
Info: Assembler is generating device programming files
Info: Quartus II Assembler was successful. 0 errors, 0 warnings
    Info: Allocated 227 megabytes of memory during processing
    Info: Processing ended: Sun Feb 16 20:37:29 2014
    Info: Elapsed time: 00:00:05


