Flow report for pcie_wrapper
Sun Oct 13 14:44:08 2013
Quartus II Version 10.1 Build 153 11/29/2010 SJ Full Version


---------------------
; Table of Contents ;
---------------------
  1. Legal Notice
  2. Flow Summary
  3. Flow Settings
  4. Flow Non-Default Global Settings
  5. Flow Elapsed Time
  6. Flow OS Summary
  7. Flow Log



----------------
; Legal Notice ;
----------------
Copyright (C) 1991-2010 Altera Corporation
Your use of Altera Corporation's design tools, logic functions 
and other software and tools, and its AMPP partner logic 
functions, and any output files from any of the foregoing 
(including device programming or simulation files), and any 
associated documentation or information are expressly subject 
to the terms and conditions of the Altera Program License 
Subscription Agreement, Altera MegaCore Function License 
Agreement, or other applicable license agreement, including, 
without limitation, that your use is for the sole purpose of 
programming logic devices manufactured by Altera and sold by 
Altera or its authorized distributors.  Please refer to the 
applicable agreement for further details.



+-------------------------------------------------------------------------------+
; Flow Summary                                                                  ;
+-----------------------------------+-------------------------------------------+
; Flow Status                       ; Successful - Sun Oct 13 14:44:08 2013     ;
; Quartus II Version                ; 10.1 Build 153 11/29/2010 SJ Full Version ;
; Revision Name                     ; pcie_wrapper                              ;
; Top-level Entity Name             ; pcie_wrapper                              ;
; Family                            ; Stratix IV                                ;
; Device                            ; EP4SGX230KF40C2                           ;
; Timing Models                     ; Final                                     ;
; Logic utilization                 ; N/A                                       ;
;     Combinational ALUTs           ; 1,528                                     ;
;     Memory ALUTs                  ; 540                                       ;
;     Dedicated logic registers     ; 1,697                                     ;
; Total registers                   ; 1697                                      ;
; Total pins                        ; 437                                       ;
; Total virtual pins                ; 0                                         ;
; Total block memory bits           ; 32                                        ;
; DSP block 18-bit elements         ; 0                                         ;
; Total GXB Receiver Channel PCS    ; 8                                         ;
; Total GXB Receiver Channel PMA    ; 8                                         ;
; Total GXB Transmitter Channel PCS ; 8                                         ;
; Total GXB Transmitter Channel PMA ; 8                                         ;
; Total PLLs                        ; 0                                         ;
; Total DLLs                        ; 0                                         ;
+-----------------------------------+-------------------------------------------+


+-----------------------------------------+
; Flow Settings                           ;
+-------------------+---------------------+
; Option            ; Setting             ;
+-------------------+---------------------+
; Start date & time ; 10/13/2013 14:40:46 ;
; Main task         ; Compilation         ;
; Revision Name     ; pcie_wrapper        ;
+-------------------+---------------------+


+----------------------------------------------------------------------------------------------------------------------------+
; Flow Non-Default Global Settings                                                                                           ;
+-------------------------------------+-------------------------------------------+---------------+-------------+------------+
; Assignment Name                     ; Value                                     ; Default Value ; Entity Name ; Section Id ;
+-------------------------------------+-------------------------------------------+---------------+-------------+------------+
; COMPILER_SIGNATURE_ID               ; 151749052228.138166444601764              ; --            ; --          ; --         ;
; MAX_CORE_JUNCTION_TEMP              ; 85                                        ; --            ; --          ; --         ;
; MIN_CORE_JUNCTION_TEMP              ; 0                                         ; --            ; --          ; --         ;
; PARTITION_COLOR                     ; 16764057                                  ; --            ; --          ; Top        ;
; PARTITION_FITTER_PRESERVATION_LEVEL ; PLACEMENT_AND_ROUTING                     ; --            ; --          ; Top        ;
; PARTITION_NETLIST_TYPE              ; SOURCE                                    ; --            ; --          ; Top        ;
; SEARCH_PATH                         ; ../pcie_core/pci_express_compiler-library ; --            ; --          ; --         ;
; SEARCH_PATH                         ; ../pcie_core                              ; --            ; --          ; --         ;
+-------------------------------------+-------------------------------------------+---------------+-------------+------------+


+--------------------------------------------------------------------------------------------------------------------------+
; Flow Elapsed Time                                                                                                        ;
+----------------------+--------------+-------------------------+---------------------+------------------------------------+
; Module Name          ; Elapsed Time ; Average Processors Used ; Peak Virtual Memory ; Total CPU Time (on all processors) ;
+----------------------+--------------+-------------------------+---------------------+------------------------------------+
; Analysis & Synthesis ; 00:03:17     ; 1.0                     ; 393 MB              ; 00:03:17                           ;
; Total                ; 00:03:17     ; --                      ; --                  ; 00:03:17                           ;
+----------------------+--------------+-------------------------+---------------------+------------------------------------+


+------------------------------------------------------------------------------------+
; Flow OS Summary                                                                    ;
+----------------------+------------------+------------+------------+----------------+
; Module Name          ; Machine Hostname ; OS Name    ; OS Version ; Processor type ;
+----------------------+------------------+------------+------------+----------------+
; Analysis & Synthesis ; RukPO            ; Windows XP ; 5.1        ; i686           ;
+----------------------+------------------+------------+------------+----------------+


------------
; Flow Log ;
------------
quartus_map --read_settings_files=on --write_settings_files=off pcie_wrapper -c pcie_wrapper



