Flow report for indata_changer
Sun Jan 26 12:57:21 2014
Quartus II Version 7.1 Build 156 04/30/2007 SJ Full Version


---------------------
; Table of Contents ;
---------------------
  1. Legal Notice
  2. Flow Summary
  3. Flow Settings
  4. Flow Non-Default Global Settings
  5. Flow Elapsed Time
  6. Flow Log



----------------
; Legal Notice ;
----------------
Copyright (C) 1991-2007 Altera Corporation
Your use of Altera Corporation's design tools, logic functions 
and other software and tools, and its AMPP partner logic 
functions, and any output files from any of the foregoing 
(including device programming or simulation files), and any 
associated documentation or information are expressly subject 
to the terms and conditions of the Altera Program License 
Subscription Agreement, Altera MegaCore Function License 
Agreement, or other applicable license agreement, including, 
without limitation, that your use is for the sole purpose of 
programming logic devices manufactured by Altera and sold by 
Altera or its authorized distributors.  Please refer to the 
applicable agreement for further details.



+-------------------------------------------------------------------------------+
; Flow Summary                                                                  ;
+------------------------------------+------------------------------------------+
; Flow Status                        ; Successful - Sun Jan 26 12:57:21 2014    ;
; Quartus II Version                 ; 7.1 Build 156 04/30/2007 SJ Full Version ;
; Revision Name                      ; indata_changer                           ;
; Top-level Entity Name              ; indata_changer                           ;
; Family                             ; Cyclone III                              ;
; Device                             ; EP3C5F256C7                              ;
; Timing Models                      ; Preliminary                              ;
; Met timing requirements            ; Yes                                      ;
; Total logic elements               ; 105 / 5,136 ( 2 % )                      ;
;     Total combinational functions  ; 105 / 5,136 ( 2 % )                      ;
;     Dedicated logic registers      ; 33 / 5,136 ( < 1 % )                     ;
; Total registers                    ; 33                                       ;
; Total pins                         ; 135 / 183 ( 74 % )                       ;
; Total virtual pins                 ; 0                                        ;
; Total memory bits                  ; 0 / 423,936 ( 0 % )                      ;
; Embedded Multiplier 9-bit elements ; 0 / 46 ( 0 % )                           ;
; Total PLLs                         ; 0 / 2 ( 0 % )                            ;
+------------------------------------+------------------------------------------+


+-----------------------------------------+
; Flow Settings                           ;
+-------------------+---------------------+
; Option            ; Setting             ;
+-------------------+---------------------+
; Start date & time ; 01/26/2014 12:57:13 ;
; Main task         ; Compilation         ;
; Revision Name     ; indata_changer      ;
+-------------------+---------------------+


+-----------------------------------------------------------------------------------+
; Flow Non-Default Global Settings                                                  ;
+-------------------------------+--------+---------------+-------------+------------+
; Assignment Name               ; Value  ; Default Value ; Entity Name ; Section Id ;
+-------------------------------+--------+---------------+-------------+------------+
; PARTITION_NETLIST_TYPE        ; SOURCE ; --            ; --          ; Top        ;
; USE_TIMEQUEST_TIMING_ANALYZER ; Off    ; --            ; --          ; --         ;
+-------------------------------+--------+---------------+-------------+------------+


+----------------------------------------+
; Flow Elapsed Time                      ;
+-------------------------+--------------+
; Module Name             ; Elapsed Time ;
+-------------------------+--------------+
; Analysis & Synthesis    ; 00:00:01     ;
; Fitter                  ; 00:00:04     ;
; Assembler               ; 00:00:00     ;
; Classic Timing Analyzer ; 00:00:00     ;
; Total                   ; 00:00:05     ;
+-------------------------+--------------+


------------
; Flow Log ;
------------
quartus_map --read_settings_files=on --write_settings_files=off indata_changer -c indata_changer
quartus_fit --read_settings_files=off --write_settings_files=off indata_changer -c indata_changer
quartus_asm --read_settings_files=off --write_settings_files=off indata_changer -c indata_changer
quartus_tan --read_settings_files=off --write_settings_files=off indata_changer -c indata_changer --timing_analysis_only



