Flow report for pcie_core_example_chaining_top
Sun Nov 17 18:49:59 2013
Quartus II Version 10.1 Build 197 01/19/2011 Service Pack 1 SJ Full Version


---------------------
; Table of Contents ;
---------------------
  1. Legal Notice
  2. Flow Summary
  3. Flow Settings
  4. Flow Non-Default Global Settings
  5. Flow Elapsed Time
  6. Flow OS Summary
  7. Flow Log



----------------
; Legal Notice ;
----------------
Copyright (C) 1991-2011 Altera Corporation
Your use of Altera Corporation's design tools, logic functions 
and other software and tools, and its AMPP partner logic 
functions, and any output files from any of the foregoing 
(including device programming or simulation files), and any 
associated documentation or information are expressly subject 
to the terms and conditions of the Altera Program License 
Subscription Agreement, Altera MegaCore Function License 
Agreement, or other applicable license agreement, including, 
without limitation, that your use is for the sole purpose of 
programming logic devices manufactured by Altera and sold by 
Altera or its authorized distributors.  Please refer to the 
applicable agreement for further details.



+-------------------------------------------------------------------------------------+
; Flow Summary                                                                        ;
+------------------------------------+------------------------------------------------+
; Flow Status                        ; Successful - Sun Nov 17 18:49:51 2013          ;
; Quartus II Version                 ; 10.1 Build 197 01/19/2011 SP 1 SJ Full Version ;
; Revision Name                      ; pcie_core_example_chaining_top                 ;
; Top-level Entity Name              ; pcie_core_example_chaining_top                 ;
; Family                             ; Cyclone IV GX                                  ;
; Device                             ; EP4CGX22CF19C6                                 ;
; Timing Models                      ; Preliminary                                    ;
; Total logic elements               ; 5,486 / 21,280 ( 26 % )                        ;
;     Total combinational functions  ; 4,464 / 21,280 ( 21 % )                        ;
;     Dedicated logic registers      ; 3,951 / 21,280 ( 19 % )                        ;
; Total registers                    ; 0                                              ;
; Total pins                         ; 25 / 167 ( 15 % )                              ;
; Total virtual pins                 ; 0                                              ;
; Total memory bits                  ; 282,660 / 774,144 ( 37 % )                     ;
; Embedded Multiplier 9-bit elements ; 0 / 80 ( 0 % )                                 ;
; Total GXB Receiver Channel PCS     ; 1 / 4 ( 25 % )                                 ;
; Total GXB Receiver Channel PMA     ; 1 / 4 ( 25 % )                                 ;
; Total GXB Transmitter Channel PCS  ; 1 / 4 ( 25 % )                                 ;
; Total GXB Transmitter Channel PMA  ; 1 / 4 ( 25 % )                                 ;
; Total PLLs                         ; 2 / 4 ( 50 % )                                 ;
+------------------------------------+------------------------------------------------+


+----------------------------------------------------+
; Flow Settings                                      ;
+-------------------+--------------------------------+
; Option            ; Setting                        ;
+-------------------+--------------------------------+
; Start date & time ; 11/17/2013 18:48:08            ;
; Main task         ; Compilation                    ;
; Revision Name     ; pcie_core_example_chaining_top ;
+-------------------+--------------------------------+


+----------------------------------------------------------------------------------------------------------------------------------------------------------------------------+
; Flow Non-Default Global Settings                                                                                                                                           ;
+-------------------------------------+-------------------------------------------------------------------------------------------+---------------+-------------+------------+
; Assignment Name                     ; Value                                                                                     ; Default Value ; Entity Name ; Section Id ;
+-------------------------------------+-------------------------------------------------------------------------------------------+---------------+-------------+------------+
; COMPILER_SIGNATURE_ID               ; 151749052228.138470328801528                                                              ; --            ; --          ; --         ;
; DO_COMBINED_ANALYSIS                ; On                                                                                        ; Off           ; --          ; --         ;
; ENABLE_CLOCK_LATENCY                ; On                                                                                        ; Off           ; --          ; --         ;
; ENABLE_RECOVERY_REMOVAL_ANALYSIS    ; On                                                                                        ; Off           ; --          ; --         ;
; IP_TOOL_NAME                        ; PCI Express Compiler                                                                      ; --            ; --          ; --         ;
; IP_TOOL_VERSION                     ; 10.1                                                                                      ; --            ; --          ; --         ;
; MISC_FILE                           ; ../../pci_express_compiler-library/altpcie_64b_x1_pipen1b.v                               ; --            ; --          ; --         ;
; MISC_FILE                           ; ../../pci_express_compiler-library/altpcie_64b_x4_pipen1b.v                               ; --            ; --          ; --         ;
; MISC_FILE                           ; ../../pci_express_compiler-library/altpcie_64b_x8_pipen1b.v                               ; --            ; --          ; --         ;
; MISC_FILE                           ; ../../pci_express_compiler-library/altpcie_hip_256_pipen1b.v                              ; --            ; --          ; --         ;
; MISC_FILE                           ; ../../pci_express_compiler-library/altpcie_hip_pipen1b.v                                  ; --            ; --          ; --         ;
; MISC_FILE                           ; ../../pci_express_compiler-library/altpcie_pclk_align.v                                   ; --            ; --          ; --         ;
; MISC_FILE                           ; ../../pci_express_compiler-library/altpcie_pclk_pll.v                                     ; --            ; --          ; --         ;
; MISC_FILE                           ; ../../pci_express_compiler-library/altpcie_phasefifo.v                                    ; --            ; --          ; --         ;
; MISC_FILE                           ; ../../pci_express_compiler-library/altpcie_pll_100_125.v                                  ; --            ; --          ; --         ;
; MISC_FILE                           ; ../../pci_express_compiler-library/altpcie_pll_100_250.v                                  ; --            ; --          ; --         ;
; MISC_FILE                           ; ../../pci_express_compiler-library/altpcie_pll_125_250.v                                  ; --            ; --          ; --         ;
; MISC_FILE                           ; ../../pci_express_compiler-library/altpcie_pll_15625_125.v                                ; --            ; --          ; --         ;
; MISC_FILE                           ; ../../pci_express_compiler-library/altpcie_pll_250_100.v                                  ; --            ; --          ; --         ;
; MISC_FILE                           ; ../../pci_express_compiler-library/altpcie_pll_phy0.v                                     ; --            ; --          ; --         ;
; MISC_FILE                           ; ../../pci_express_compiler-library/altpcie_pll_phy1_62p5.v                                ; --            ; --          ; --         ;
; MISC_FILE                           ; ../../pci_express_compiler-library/altpcie_pll_phy2.v                                     ; --            ; --          ; --         ;
; MISC_FILE                           ; ../../pci_express_compiler-library/altpcie_pll_phy3_62p5.v                                ; --            ; --          ; --         ;
; MISC_FILE                           ; ../../pci_express_compiler-library/altpcie_pll_phy4_62p5.v                                ; --            ; --          ; --         ;
; MISC_FILE                           ; ../../pci_express_compiler-library/altpcie_pll_phy5_62p5.v                                ; --            ; --          ; --         ;
; MISC_FILE                           ; ../../pci_express_compiler-library/altpcie_reconfig_3cgx.v                                ; --            ; --          ; --         ;
; MISC_FILE                           ; ../../pci_express_compiler-library/altpcie_reconfig_4sgx.v                                ; --            ; --          ; --         ;
; MISC_FILE                           ; ../../pci_express_compiler-library/altpcie_rs_serdes.v                                    ; --            ; --          ; --         ;
; MISC_FILE                           ; ../../pci_express_compiler-library/altpcie_serdes_1sgx_x1_12500.v                         ; --            ; --          ; --         ;
; MISC_FILE                           ; ../../pci_express_compiler-library/altpcie_serdes_1sgx_x1_15625.v                         ; --            ; --          ; --         ;
; MISC_FILE                           ; ../../pci_express_compiler-library/altpcie_serdes_1sgx_x4_12500.v                         ; --            ; --          ; --         ;
; MISC_FILE                           ; ../../pci_express_compiler-library/altpcie_serdes_1sgx_x4_15625.v                         ; --            ; --          ; --         ;
; MISC_FILE                           ; ../../pci_express_compiler-library/altpcie_serdes_2agx_x1d_gen1_08p.v                     ; --            ; --          ; --         ;
; MISC_FILE                           ; ../../pci_express_compiler-library/altpcie_serdes_2agx_x1d_gen1_16p.v                     ; --            ; --          ; --         ;
; MISC_FILE                           ; ../../pci_express_compiler-library/altpcie_serdes_2agx_x4d_gen1_08p.v                     ; --            ; --          ; --         ;
; MISC_FILE                           ; ../../pci_express_compiler-library/altpcie_serdes_2agx_x4d_gen1_16p.v                     ; --            ; --          ; --         ;
; MISC_FILE                           ; ../../pci_express_compiler-library/altpcie_serdes_2agx_x8d_gen1_08p.v                     ; --            ; --          ; --         ;
; MISC_FILE                           ; ../../pci_express_compiler-library/altpcie_serdes_2sgx_x1d_10000.v                        ; --            ; --          ; --         ;
; MISC_FILE                           ; ../../pci_express_compiler-library/altpcie_serdes_2sgx_x4d_10000.v                        ; --            ; --          ; --         ;
; MISC_FILE                           ; ../../pci_express_compiler-library/altpcie_serdes_2sgx_x8d_10000.v                        ; --            ; --          ; --         ;
; MISC_FILE                           ; ../../pci_express_compiler-library/altpcie_serdes_3cgx_x1d_gen1_08p.v                     ; --            ; --          ; --         ;
; MISC_FILE                           ; ../../pci_express_compiler-library/altpcie_serdes_3cgx_x1d_gen1_16p.v                     ; --            ; --          ; --         ;
; MISC_FILE                           ; ../../pci_express_compiler-library/altpcie_serdes_3cgx_x2d_gen1_08p.v                     ; --            ; --          ; --         ;
; MISC_FILE                           ; ../../pci_express_compiler-library/altpcie_serdes_3cgx_x4d_gen1_08p.v                     ; --            ; --          ; --         ;
; MISC_FILE                           ; ../../pci_express_compiler-library/altpcie_serdes_4sgx_x1d_gen1_08p.v                     ; --            ; --          ; --         ;
; MISC_FILE                           ; ../../pci_express_compiler-library/altpcie_serdes_4sgx_x1d_gen1_16p.v                     ; --            ; --          ; --         ;
; MISC_FILE                           ; ../../pci_express_compiler-library/altpcie_serdes_4sgx_x1d_gen2_08p.v                     ; --            ; --          ; --         ;
; MISC_FILE                           ; ../../pci_express_compiler-library/altpcie_serdes_4sgx_x4d_gen1_08p.v                     ; --            ; --          ; --         ;
; MISC_FILE                           ; ../../pci_express_compiler-library/altpcie_serdes_4sgx_x4d_gen1_16p.v                     ; --            ; --          ; --         ;
; MISC_FILE                           ; ../../pci_express_compiler-library/altpcie_serdes_4sgx_x4d_gen2_08p.v                     ; --            ; --          ; --         ;
; MISC_FILE                           ; ../../pci_express_compiler-library/altpcie_serdes_4sgx_x8d_gen1_08p.v                     ; --            ; --          ; --         ;
; MISC_FILE                           ; ../../pci_express_compiler-library/altpcie_serdes_4sgx_x8d_gen2_08p.v                     ; --            ; --          ; --         ;
; MISC_FILE                           ; ../../pci_express_compiler-library/pciexp64_dlink.v                                       ; --            ; --          ; --         ;
; MISC_FILE                           ; ../../pci_express_compiler-library/pciexp64_trans.v                                       ; --            ; --          ; --         ;
; MISC_FILE                           ; ../../pci_express_compiler-library/pciexpx8f_confctrl.v                                   ; --            ; --          ; --         ;
; MISC_FILE                           ; ../../pci_express_compiler-library/pciexp_dcram.v                                         ; --            ; --          ; --         ;
; MISC_FILE                           ; ../../pcie_core.vhd                                                                       ; --            ; --          ; --         ;
; MISC_FILE                           ; ../../pcie_core_core.cmp                                                                  ; --            ; --          ; --         ;
; MISC_FILE                           ; ../../pcie_core_core.vhd                                                                  ; --            ; --          ; --         ;
; MISC_FILE                           ; ../../pcie_core_core.vho                                                                  ; --            ; --          ; --         ;
; MISC_FILE                           ; ../../pcie_core_examples                                                                  ; --            ; --          ; --         ;
; MISC_FILE                           ; ../../pcie_core_examples/chaining_dma                                                     ; --            ; --          ; --         ;
; MISC_FILE                           ; ../../pcie_core_examples/chaining_dma/altpcie_dma_descriptor.vhd                          ; --            ; --          ; --         ;
; MISC_FILE                           ; ../../pcie_core_examples/chaining_dma/altpcie_dma_dt.vhd                                  ; --            ; --          ; --         ;
; MISC_FILE                           ; ../../pcie_core_examples/chaining_dma/altpcie_dma_prg_reg.vhd                             ; --            ; --          ; --         ;
; MISC_FILE                           ; ../../pcie_core_examples/chaining_dma/altpcie_rc_slave.vhd                                ; --            ; --          ; --         ;
; MISC_FILE                           ; ../../pcie_core_examples/chaining_dma/altpcie_read_dma_requester.vhd                      ; --            ; --          ; --         ;
; MISC_FILE                           ; ../../pcie_core_examples/chaining_dma/altpcie_write_dma_requester.vhd                     ; --            ; --          ; --         ;
; MISC_FILE                           ; ../../pcie_core_examples/chaining_dma/altpcierd_example_app_chaining.vhd                  ; --            ; --          ; --         ;
; MISC_FILE                           ; ../../pcie_core_examples/chaining_dma/init_ram.hex                                        ; --            ; --          ; --         ;
; MISC_FILE                           ; ../../pcie_core_examples/chaining_dma/init_ram.mif                                        ; --            ; --          ; --         ;
; MISC_FILE                           ; ../../pcie_core_examples/chaining_dma/testbench                                           ; --            ; --          ; --         ;
; MISC_FILE                           ; ../../pcie_core_examples/chaining_dma/testbench/altpcietb_bfm_driver_chaining.vhd         ; --            ; --          ; --         ;
; MISC_FILE                           ; ../../pcie_core_examples/chaining_dma/testbench/init_ram.hex                              ; --            ; --          ; --         ;
; MISC_FILE                           ; ../../pcie_core_examples/chaining_dma/testbench/init_ram.mif                              ; --            ; --          ; --         ;
; MISC_FILE                           ; ../../pcie_core_examples/chaining_dma/testbench/runtb.bat                                 ; --            ; --          ; --         ;
; MISC_FILE                           ; ../../pcie_core_examples/chaining_dma/testbench/runtb.do                                  ; --            ; --          ; --         ;
; MISC_FILE                           ; ../../pcie_core_examples/chaining_dma/testbench/runtb.sh                                  ; --            ; --          ; --         ;
; MISC_FILE                           ; ../../pcie_core_examples/chaining_dma/testbench/sim_filelist                              ; --            ; --          ; --         ;
; MISC_FILE                           ; ../../pcie_core_examples/chaining_dma/testbench/pcie_core_chaining_testbench.vhd          ; --            ; --          ; --         ;
; MISC_FILE                           ; ../../pcie_core_examples/chaining_dma/pcie_core_example_chaining_pipen1b.vhd              ; --            ; --          ; --         ;
; MISC_FILE                           ; ../../pcie_core_examples/chaining_dma/pcie_core_plus.vhd                                  ; --            ; --          ; --         ;
; MISC_FILE                           ; ../../pcie_core_examples/chaining_dma/pcie_core_rs_hip.vhd                                ; --            ; --          ; --         ;
; MISC_FILE                           ; ../../pcie_core_examples/chaining_dma/pcie_core_example_chaining_top.qpf                  ; --            ; --          ; --         ;
; MISC_FILE                           ; ../../pcie_core_examples/chaining_dma/pcie_core_example_chaining_top.qsf                  ; --            ; --          ; --         ;
; MISC_FILE                           ; ../../pcie_core_examples/chaining_dma/pcie_core_example_chaining_top.tcl                  ; --            ; --          ; --         ;
; MISC_FILE                           ; ../../pcie_core_examples/chaining_dma/pcie_core_example_chaining_top.vhd                  ; --            ; --          ; --         ;
; MISC_FILE                           ; ../../pcie_core_examples/common                                                           ; --            ; --          ; --         ;
; MISC_FILE                           ; ../../pcie_core_examples/common/testbench                                                 ; --            ; --          ; --         ;
; MISC_FILE                           ; ../../pcie_core_examples/incremental_compile_module                                       ; --            ; --          ; --         ;
; MISC_FILE                           ; ../../pcie_core_examples/incremental_compile_module/altpcierd_icm_fifo.vhd                ; --            ; --          ; --         ;
; MISC_FILE                           ; ../../pcie_core_examples/incremental_compile_module/altpcierd_icm_fifo_lkahd.vhd          ; --            ; --          ; --         ;
; MISC_FILE                           ; ../../pcie_core_examples/incremental_compile_module/altpcierd_icm_msibridge.vhd           ; --            ; --          ; --         ;
; MISC_FILE                           ; ../../pcie_core_examples/incremental_compile_module/altpcierd_icm_npbypassctl.vhd         ; --            ; --          ; --         ;
; MISC_FILE                           ; ../../pcie_core_examples/incremental_compile_module/altpcierd_icm_rx.vhd                  ; --            ; --          ; --         ;
; MISC_FILE                           ; ../../pcie_core_examples/incremental_compile_module/altpcierd_icm_rxbridge.vhd            ; --            ; --          ; --         ;
; MISC_FILE                           ; ../../pcie_core_examples/incremental_compile_module/altpcierd_icm_sideband.vhd            ; --            ; --          ; --         ;
; MISC_FILE                           ; ../../pcie_core_examples/incremental_compile_module/altpcierd_icm_top.vhd                 ; --            ; --          ; --         ;
; MISC_FILE                           ; ../../pcie_core_examples/incremental_compile_module/altpcierd_icm_tx.vhd                  ; --            ; --          ; --         ;
; MISC_FILE                           ; ../../pcie_core_examples/incremental_compile_module/altpcierd_icm_tx_pktordering.vhd      ; --            ; --          ; --         ;
; MISC_FILE                           ; ../../pcie_core_examples/incremental_compile_module/altpcierd_icm_txbridge.vhd            ; --            ; --          ; --         ;
; MISC_FILE                           ; ../../pcie_core_examples/incremental_compile_module/altpcierd_icm_txbridge_withbypass.vhd ; --            ; --          ; --         ;
; MISC_FILE                           ; ../../pcie_core_examples/incremental_compile_module/pcie_core_icm.vhd                     ; --            ; --          ; --         ;
; MISC_FILE                           ; ../../pcie_core_serdes.vhd                                                                ; --            ; --          ; --         ;
; MISC_FILE                           ; ../../pcie_core.ppx                                                                       ; --            ; --          ; --         ;
; MISC_FILE                           ; ../../pcie_core.ppf                                                                       ; --            ; --          ; --         ;
; MISC_FILE                           ; ../../pcie_core.cmp                                                                       ; --            ; --          ; --         ;
; MISC_FILE                           ; ../../pcie_core.bsf                                                                       ; --            ; --          ; --         ;
; MISC_FILE                           ; ../../pcie_core.qip                                                                       ; --            ; --          ; --         ;
; MISC_FILE                           ; ../../pcie_core.html                                                                      ; --            ; --          ; --         ;
; PARTITION_COLOR                     ; 16764057                                                                                  ; --            ; --          ; Top        ;
; PARTITION_FITTER_PRESERVATION_LEVEL ; PLACEMENT_AND_ROUTING                                                                     ; --            ; --          ; Top        ;
; PARTITION_NETLIST_TYPE              ; SOURCE                                                                                    ; --            ; --          ; Top        ;
; SEARCH_PATH                         ; ../common/incremental_compile_module                                                      ; --            ; --          ; --         ;
; SEARCH_PATH                         ; ../..                                                                                     ; --            ; --          ; --         ;
; SEARCH_PATH                         ; ../../.                                                                                   ; --            ; --          ; --         ;
; SEARCH_PATH                         ; ../../pci_express_compiler-library                                                        ; --            ; --          ; --         ;
+-------------------------------------+-------------------------------------------------------------------------------------------+---------------+-------------+------------+


+-------------------------------------------------------------------------------------------------------------------------------+
; Flow Elapsed Time                                                                                                             ;
+---------------------------+--------------+-------------------------+---------------------+------------------------------------+
; Module Name               ; Elapsed Time ; Average Processors Used ; Peak Virtual Memory ; Total CPU Time (on all processors) ;
+---------------------------+--------------+-------------------------+---------------------+------------------------------------+
; Analysis & Synthesis      ; 00:00:54     ; 1.0                     ; 403 MB              ; 00:00:54                           ;
; Fitter                    ; 00:00:36     ; 2.4                     ; 469 MB              ; 00:00:43                           ;
; Assembler                 ; 00:00:04     ; 1.0                     ; 269 MB              ; 00:00:04                           ;
; TimeQuest Timing Analyzer ; 00:00:12     ; 1.3                     ; 323 MB              ; 00:00:14                           ;
; Total                     ; 00:01:46     ; --                      ; --                  ; 00:01:55                           ;
+---------------------------+--------------+-------------------------+---------------------+------------------------------------+


+-----------------------------------------------------------------------------------------+
; Flow OS Summary                                                                         ;
+---------------------------+------------------+------------+------------+----------------+
; Module Name               ; Machine Hostname ; OS Name    ; OS Version ; Processor type ;
+---------------------------+------------------+------------+------------+----------------+
; Analysis & Synthesis      ; RukPO            ; Windows XP ; 5.1        ; i686           ;
; Fitter                    ; RukPO            ; Windows XP ; 5.1        ; i686           ;
; Assembler                 ; RukPO            ; Windows XP ; 5.1        ; i686           ;
; TimeQuest Timing Analyzer ; RukPO            ; Windows XP ; 5.1        ; i686           ;
+---------------------------+------------------+------------+------------+----------------+


------------
; Flow Log ;
------------
quartus_map --read_settings_files=on --write_settings_files=off pcie_core_example_chaining_top -c pcie_core_example_chaining_top
quartus_fit --read_settings_files=off --write_settings_files=off pcie_core_example_chaining_top -c pcie_core_example_chaining_top
quartus_asm --read_settings_files=off --write_settings_files=off pcie_core_example_chaining_top -c pcie_core_example_chaining_top
quartus_sta pcie_core_example_chaining_top -c pcie_core_example_chaining_top



